c:\users\joshn\source\repos\a-4 fm dev\community-a4e-c\a-4e-c\externalfm\ed_fm_template\release\vc142.pdb
c:\users\joshn\source\repos\a-4 fm dev\community-a4e-c\a-4e-c\externalfm\ed_fm_template\release\dllmain.obj
c:\users\joshn\source\repos\a-4 fm dev\community-a4e-c\a-4e-c\externalfm\ed_fm_template\release\a-4.pch
c:\users\joshn\source\repos\a-4 fm dev\community-a4e-c\a-4e-c\externalfm\ed_fm_template\release\stdafx.obj
c:\users\joshn\source\repos\a-4 fm dev\community-a4e-c\a-4e-c\externalfm\ed_fm_template\release\ed_fm_template.obj
c:\users\joshn\source\repos\a-4 fm dev\community-a4e-c\a-4e-c\externalfm\release\ed_fm_template.lib
c:\users\joshn\source\repos\a-4 fm dev\community-a4e-c\a-4e-c\externalfm\release\ed_fm_template.exp
c:\users\joshn\source\repos\a-4 fm dev\community-a4e-c\a-4e-c\externalfm\release\ed_fm_template.ipdb
c:\users\joshn\source\repos\a-4 fm dev\community-a4e-c\a-4e-c\externalfm\release\ed_fm_template.iobj
c:\users\joshn\source\repos\a-4 fm dev\community-a4e-c\a-4e-c\externalfm\release\a-4.lib
c:\users\joshn\source\repos\a-4 fm dev\community-a4e-c\a-4e-c\externalfm\release\a-4.exp
c:\users\joshn\source\repos\a-4 fm dev\community-a4e-c\a-4e-c\externalfm\release\a-4.ipdb
c:\users\joshn\source\repos\a-4 fm dev\community-a4e-c\a-4e-c\externalfm\release\a-4.iobj
c:\users\joshn\source\repos\a-4 fm dev\community-a4e-c\a-4e-c\externalfm\release\ed_fm_template.dll
c:\users\joshn\source\repos\a-4 fm dev\community-a4e-c\a-4e-c\externalfm\release\ed_fm_template.pdb
c:\users\joshn\source\repos\a-4 fm dev\community-a4e-c\a-4e-c\externalfm\release\a-4.dll
c:\users\joshn\source\repos\a-4 fm dev\community-a4e-c\a-4e-c\externalfm\release\a-4.pdb
c:\users\joshn\source\repos\a-4 fm dev\community-a4e-c\a-4e-c\externalfm\ed_fm_template\release\ed_fm_template.pch
c:\users\joshn\source\repos\a-4 fm dev\community-a4e-c\a-4e-c\externalfm\ed_fm_template\release\ed_fm_template.tlog\cl.command.1.tlog
c:\users\joshn\source\repos\a-4 fm dev\community-a4e-c\a-4e-c\externalfm\ed_fm_template\release\ed_fm_template.tlog\cl.read.1.tlog
c:\users\joshn\source\repos\a-4 fm dev\community-a4e-c\a-4e-c\externalfm\ed_fm_template\release\ed_fm_template.tlog\cl.write.1.tlog
c:\users\joshn\source\repos\a-4 fm dev\community-a4e-c\a-4e-c\externalfm\ed_fm_template\release\ed_fm_template.tlog\ed_fm_template.write.1u.tlog
c:\users\joshn\source\repos\a-4 fm dev\community-a4e-c\a-4e-c\externalfm\ed_fm_template\release\ed_fm_template.tlog\link.command.1.tlog
c:\users\joshn\source\repos\a-4 fm dev\community-a4e-c\a-4e-c\externalfm\ed_fm_template\release\ed_fm_template.tlog\link.read.1.tlog
c:\users\joshn\source\repos\a-4 fm dev\community-a4e-c\a-4e-c\externalfm\ed_fm_template\release\ed_fm_template.tlog\link.write.1.tlog
