c:\users\joshn\source\repos\a-4 fm dev\community-a4e-c\a-4e-c\externalfm\ed_fm_template\x64\release\a-4e-c.pch
c:\users\joshn\source\repos\a-4 fm dev\community-a4e-c\a-4e-c\externalfm\ed_fm_template\x64\release\vc142.pdb
c:\users\joshn\source\repos\a-4 fm dev\community-a4e-c\a-4e-c\externalfm\ed_fm_template\x64\release\stdafx.obj
c:\users\joshn\source\repos\a-4 fm dev\community-a4e-c\a-4e-c\externalfm\ed_fm_template\x64\release\dllmain.obj
c:\users\joshn\source\repos\a-4 fm dev\community-a4e-c\a-4e-c\externalfm\ed_fm_template\x64\release\ed_fm_template.obj
c:\users\joshn\source\repos\a-4 fm dev\community-a4e-c\a-4e-c\externalfm\x64\release\a-4e-c.lib
c:\users\joshn\source\repos\a-4 fm dev\community-a4e-c\a-4e-c\externalfm\x64\release\a-4e-c.exp
c:\users\joshn\source\repos\a-4 fm dev\community-a4e-c\a-4e-c\externalfm\x64\release\a-4e-c.ipdb
c:\users\joshn\source\repos\a-4 fm dev\community-a4e-c\a-4e-c\externalfm\x64\release\a-4e-c.iobj
c:\users\joshn\source\repos\a-4 fm dev\community-a4e-c\a-4e-c\externalfm\bin\a-4e-c.lib
c:\users\joshn\source\repos\a-4 fm dev\community-a4e-c\a-4e-c\externalfm\bin\a-4e-c.exp
c:\users\joshn\source\repos\a-4 fm dev\community-a4e-c\a-4e-c\externalfm\bin\a-4e-c.ipdb
c:\users\joshn\source\repos\a-4 fm dev\community-a4e-c\a-4e-c\externalfm\bin\a-4e-c.iobj
c:\users\joshn\source\repos\a-4 fm dev\community-a4e-c\a-4e-c\externalfm\bin\a-4e-c.dll
c:\users\joshn\source\repos\a-4 fm dev\community-a4e-c\a-4e-c\externalfm\bin\a-4e-c.pdb
c:\users\joshn\source\repos\a-4 fm dev\community-a4e-c\a-4e-c\externalfm\ed_fm_template\x64\release\ed_fm_template.tlog\cl.command.1.tlog
c:\users\joshn\source\repos\a-4 fm dev\community-a4e-c\a-4e-c\externalfm\ed_fm_template\x64\release\ed_fm_template.tlog\cl.read.1.tlog
c:\users\joshn\source\repos\a-4 fm dev\community-a4e-c\a-4e-c\externalfm\ed_fm_template\x64\release\ed_fm_template.tlog\cl.write.1.tlog
c:\users\joshn\source\repos\a-4 fm dev\community-a4e-c\a-4e-c\externalfm\ed_fm_template\x64\release\ed_fm_template.tlog\ed_fm_template.write.1u.tlog
c:\users\joshn\source\repos\a-4 fm dev\community-a4e-c\a-4e-c\externalfm\ed_fm_template\x64\release\ed_fm_template.tlog\link.command.1.tlog
c:\users\joshn\source\repos\a-4 fm dev\community-a4e-c\a-4e-c\externalfm\ed_fm_template\x64\release\ed_fm_template.tlog\link.delete.1.tlog
c:\users\joshn\source\repos\a-4 fm dev\community-a4e-c\a-4e-c\externalfm\ed_fm_template\x64\release\ed_fm_template.tlog\link.read.1.tlog
c:\users\joshn\source\repos\a-4 fm dev\community-a4e-c\a-4e-c\externalfm\ed_fm_template\x64\release\ed_fm_template.tlog\link.write.1.tlog
